0	323.661
1	323.694
2	323.74
3	323.791
4	323.843
5	323.895
6	323.948
7	324.001
8	324.054
9	324.109
10	324.165
11	324.225
12	52.7
13	335.6
14	47.3
15	237.4
16	15.8
17	84.2
18	42.6
19	293.8
20	7.6
21	6.9
22	66.9
23	46.5
24	37.1
25	86.6
26	12.5
27	11.1
28	55.6
29	259.2
30	51.7
31	110.4
32	14.2
33	74.6
34	46.6
35	78.2
36	64.6
37	88.5
38	12.1
39	257
40	45
41	9.8
42	17.9
43	177.8
44	52.9
45	195.4
46	69.3
47	256.9
48	14.8
49	24.5
50	21.6
51	199.9
52	37.3
53	94.5
54	49.5
55	276.5
56	14.5
57	79.9
58	29.1
59	135.3
60	63.6
61	72.4
62	21.3
63	342
64	323.831
65	323.864
66	323.912
67	323.964
68	324.02
69	324.077
70	324.133
71	324.188
72	324.244
73	324.31
74	324.367
75	324.426
76	7.4
77	342.9
78	48.2
79	164.4
80	23.5
81	300.5
82	19.5
83	117.1
84	19.6
85	164.3
86	57.8
87	21.6
88	30.5
89	140.9
90	15.5
91	193.1
92	63.3
93	327.5
94	54.6
95	255.3
96	52.7
97	289.4
98	50.2
99	90.7
100	45.5
101	20.4
102	68.9
103	197.4
104	55.9
105	115
106	65.1
107	176.9
108	25.9
109	213.1
110	33.8
111	212.3
112	17
113	114.5
114	65.4
115	33
116	43.3
117	166.8
118	41.6
119	177.4
120	47.1
121	259.7
122	18.6
123	351.6
124	53.6
125	240.5
126	45.4
127	35.1
128	323.827
129	323.859
130	323.908
131	323.963
132	324.02
133	324.079
134	324.137
135	324.195
136	324.254
137	324.313
138	324.375
139	324.439
140	40.4
141	97.7
142	26.2
143	284.5
144	55.2
145	232.7
146	15.5
147	4
148	54.1
149	163.7
150	10.9
151	57.1
152	45
153	200.2
154	32.7
155	176.5
156	18.9
157	65.4
158	14.9
159	150.2
160	52.3
161	190
162	31.6
163	355.5
164	36.8
165	113
166	41.4
167	316.2
168	34.7
169	336.2
170	10.8
171	29.7
172	35.2
173	214
174	41.6
175	270.7
176	55.6
177	175.4
178	13.1
179	50.9
180	26.7
181	54.4
182	43.9
183	336.2
184	47.1
185	63
186	67.2
187	326.7
188	29.7
189	144.3
190	18.4
191	288.5
192	323.82
193	323.855
194	323.905
195	323.961
196	324.02
197	324.081
198	324.142
199	324.202
200	324.264
201	324.326
202	324.391
203	324.459
204	48.2
205	162.3
206	53.8
207	46.8
208	65.7
209	204.4
210	36.5
211	82.5
212	62.6
213	51
214	47.3
215	113
216	29.7
217	354.9
218	45.6
219	243
220	27.3
221	37.3
222	34.3
223	64.3
224	41.1
225	281.4
226	32.5
227	131.8
228	38.8
229	338.1
230	37
231	213.5
232	65.1
233	143.3
234	37.2
235	117.6
236	50.2
237	287.6
238	27.2
239	20.1
240	27.2
241	244.7
242	19.9
243	61.4
244	46.6
245	351.9
246	12.1
247	48.6
248	18.1
249	128.8
250	41.7
251	192.7
252	26.1
253	278.8
254	28.7
255	135.5
256	323.817
257	323.852
258	323.903
259	323.961
260	324.021
261	324.083
262	324.146
263	324.209
264	324.273
265	324.339
266	324.407
267	324.479
268	49.4
269	266.3
270	64.6
271	0.9
272	19
273	226.7
274	52.9
275	226.4
276	18.3
277	171.6
278	12.3
279	244
280	15.4
281	276.7
282	61.9
283	134.2
284	21
285	332.5
286	12.8
287	122
288	46.5
289	267.5
290	23
291	213.4
292	9.8
293	40.9
294	16.7
295	170.7
296	45.5
297	8.1
298	63.2
299	38.4
300	61.2
301	310.5
302	20.4
303	69.1
304	17.9
305	95.2
306	55.6
307	235.4
308	29.1
309	303.7
310	52.1
311	183.2
312	69.4
313	119.3
314	56.6
315	13.3
316	32.2
317	49.4
318	49.2
319	202.6
320	323.815
321	323.851
322	323.902
323	323.961
324	324.023
325	324.086
326	324.151
327	324.216
328	324.282
329	324.351
330	324.423
331	324.499
332	20.5
333	298.1
334	29.6
335	109.9
336	59.3
337	54.2
338	24.9
339	213.5
340	16.9
341	192
342	61.2
343	219.3
344	32.7
345	274
346	62.6
347	2.8
348	51.1
349	176.6
350	64.9
351	171.1
352	14.1
353	262.9
354	42.2
355	239.4
356	26.9
357	281.5
358	22.5
359	78.3
360	20.1
361	351.5
362	67.4
363	311.7
364	26.8
365	154.6
366	20.3
367	63.9
368	65.6
369	333.4
370	12.9
371	148.9
372	16.9
373	307.2
374	30.7
375	206.8
376	50.8
377	300
378	36.4
379	95.6
380	11.9
381	131.3
382	59.9
383	286.7
384	323.818
385	323.855
386	323.907
387	323.966
388	324.025
389	324.09
390	324.156
391	324.223
392	324.292
393	324.363
394	324.439
395	324.518
396	42.9
397	313.5
398	36
399	19.3
400	35.5
401	197.4
402	65.8
403	196.7
404	41.3
405	12.3
406	56.9
407	51
408	66.7
409	343
410	35.1
411	253.1
412	52.1
413	216.5
414	16.3
415	181.3
416	34.4
417	110.2
418	19.6
419	333.1
420	13.9
421	316.1
422	58
423	151.1
424	15.1
425	2
426	46.4
427	320.9
428	35
429	60
430	26.8
431	160.7
432	53.5
433	135.8
434	64.6
435	265.9
436	28.5
437	87.8
438	19
439	290
440	14.4
441	173.4
442	66.4
443	174.5
444	55.1
445	158.1
446	41.7
447	109.5
448	323.813
449	323.85
450	323.903
451	323.964
452	324.028
453	324.093
454	324.16
455	324.229
456	324.3
457	324.374
458	324.452
459	324.536
460	38.6
461	328.9
462	63.3
463	257.2
464	59.8
465	352.8
466	65.1
467	90.6
468	17.2
469	35.2
470	65.2
471	188.9
472	62.2
473	114.9
474	9
475	41.7
476	43.9
477	105.9
478	56
479	65.1
480	51.6
481	11
482	45.1
483	157.2
484	56.5
485	4.1
486	13.2
487	215.7
488	50.9
489	170.5
490	35.5
491	101.8
492	20.3
493	280.9
494	48
495	45.4
496	25.4
497	350.9
498	16.7
499	278
500	22.2
501	36
502	16.4
503	39.5
504	38.4
505	286.6
506	62
507	316.1
508	18
509	324.2
510	48.7
511	298
512	323.812
513	323.849
514	323.903
515	323.964
516	324.028
517	324.095
518	324.163
519	324.234
520	324.307
521	324.383
522	324.464
523	324.551
524	34.3
525	334.1
526	44.5
527	39.6
528	52
529	11.6
530	46.2
531	133
532	36.4
533	53.7
534	55.2
535	137.5
536	51.9
537	112.6
538	24.9
539	143.4
540	56.5
541	77.1
542	69.8
543	222.1
544	56.7
545	249.6
546	49.5
547	319
548	37.5
549	241.2
550	11.5
551	131
552	70
553	348.9
554	16.4
555	23.6
556	10
557	92.8
558	59
559	40.8
560	56.3
561	258.4
562	31.2
563	7.4
564	68.7
565	164.7
566	24.7
567	206.9
568	47.1
569	311.2
570	15.7
571	280.9
572	56.4
573	151.3
574	33
575	152.7
576	323.81
577	323.847
578	323.901
579	323.963
580	324.028
581	324.096
582	324.165
583	324.237
584	324.312
585	324.391
586	324.474
587	324.564
588	55.9
589	132.6
590	55.4
591	154.6
592	52.4
593	57.5
594	48.9
595	50.4
596	22.5
597	120.4
598	47.1
599	192.8
600	40.9
601	95.8
602	59.3
603	296.4
604	64.9
605	113.8
606	40.2
607	171.5
608	15.3
609	348.2
610	51.4
611	268.9
612	48.5
613	304.5
614	17.9
615	130.8
616	61.6
617	235.5
618	53.8
619	136.1
620	66.6
621	245.1
622	27.3
623	289.6
624	18.6
625	125.8
626	9.5
627	54.2
628	19
629	83.4
630	7
631	170.1
632	61
633	178.9
634	27.5
635	199.5
636	41.4
637	277
638	41.4
639	258.3
640	323.81
641	323.848
642	323.901
643	323.963
644	324.029
645	324.098
646	324.169
647	324.24
648	324.316
649	324.397
650	324.482
651	324.574
652	38.9
653	40.5
654	36.5
655	221
656	63.9
657	197.8
658	63.2
659	140.5
660	47.9
661	354
662	32.3
663	165.9
664	48.5
665	151
666	7.4
667	247
668	65
669	269.9
670	38.9
671	339.9
672	63.9
673	3
674	13.5
675	147.8
676	62.7
677	52.9
678	13.9
679	78.5
680	50.5
681	77.6
682	19.5
683	17.6
684	12.6
685	349.9
686	14.8
687	137.3
688	15.8
689	352.1
690	16.9
691	212.1
692	40.8
693	122
694	27.1
695	169.9
696	10.4
697	208.5
698	69.7
699	160.1
700	14.8
701	303.7
702	68.5
703	321.7
704	323.804
705	323.841
706	323.895
707	323.957
708	324.025
709	324.095
710	324.167
711	324.241
712	324.319
713	324.4
714	324.488
715	324.582
716	36.4
717	202.9
718	37.4
719	101.6
720	42.6
721	336.3
722	44.1
723	258
724	50.2
725	357.2
726	50.1
727	282.6
728	9.8
729	51.5
730	26.2
731	107.8
732	64.3
733	146.6
734	17
735	155.7
736	68.6
737	309.1
738	31.2
739	103.2
740	61.6
741	292.9
742	53.4
743	227.7
744	44.6
745	179.4
746	50.4
747	113.1
748	47.3
749	237.6
750	11
751	64.4
752	15
753	230.2
754	41.7
755	230
756	40.4
757	59.4
758	31.7
759	348.8
760	7.3
761	66.4
762	12.7
763	0.1
764	11.1
765	86.2
766	29.2
767	287.9
768	28.6
769	103
770	30.7
771	244.1
772	57
773	240.1
774	43.5
775	21
776	45.1
777	15.7
778	58.2
779	259.7
780	19
781	205.3
782	46.3
783	57.4
784	32.1
785	113.2
786	65.5
787	9.8
788	46.9
789	306.2
790	43.8
791	200.8
792	66.8
793	41.7
794	22.8
795	335.9
796	30.4
797	299.2
798	20
799	71.3
800	28.5
801	244.6
802	23.8
803	59.6
804	27.4
805	170.6
806	15.8
807	292.5
808	15.9
809	287.6
810	61.4
811	344.3
812	19.6
813	25.6
814	23.3
815	190
816	36.1
817	282.5
818	65.9
819	285.8
820	55
821	262.4
822	55.7
823	25.5
824	37.6
825	67.8
826	36.6
827	278.5
828	33.6
829	175.3
830	58.5
831	298.6
832	62.4
833	343.9
834	54.5
835	230.3
836	44.3
837	29.4
838	51.8
839	254.2
840	50.7
841	94.8
842	66.2
843	193.2
844	14.9
845	124
846	66.7
847	275.4
848	23.3
849	153.5
850	8.6
851	77.2
852	56.5
853	26.3
854	38.8
855	314.1
856	67.3
857	61.2
858	28.3
859	96.3
860	24.3
861	198.1
862	13.6
863	307.6
864	16.3
865	268.5
866	38
867	151.8
868	11.9
869	25
870	52.8
871	305.7
872	21
873	113.5
874	36.8
875	139.7
876	27.1
877	311.4
878	51.2
879	205.1
880	60.9
881	82
882	49.8
883	168.9
884	25.8
885	316.7
886	46.6
887	138
888	21.4
889	55.3
890	22.3
891	138
892	57.8
893	152.9
894	62
895	323.1
896	36.7
897	149.9
898	40.6
899	201.4
900	62.5
901	128.2
902	28.1
903	33.3
904	47.3
905	87.5
906	22.7
907	203.1
908	12.1
909	47.9
910	18.2
911	299.4
912	56.2
913	190.3
914	9.1
915	132.2
916	59.5
917	50.5
918	57.5
919	191.6
920	25.8
921	53.9
922	11.3
923	238.2
924	31.3
925	314.9
926	41.8
927	206.7
928	11
929	46.9
930	9.3
931	204.8
932	62.9
933	356.6
934	17.4
935	329.4
936	41.3
937	28
938	49.1
939	158.5
940	46
941	120.2
942	46.3
943	261.5
944	59.8
945	2.3
946	10.8
947	50.4
948	66.8
949	213.9
950	18.9
951	146.3
952	24.1
953	302.7
954	26.9
955	104
956	67.6
957	10.2
958	69.5
959	131.4
960	18.7
961	344.1
962	42.5
963	344.3
964	29.8
965	177
966	14.7
967	176.1
968	24.6
969	352.8
970	7.1
971	216.3
972	66.3
973	107.3
974	9.7
975	294.3
976	14.1
977	295.1
978	27.4
979	199.4
980	13.8
981	127.6
982	10.2
983	234.4
984	38.6
985	332.9
986	56.8
987	140.7
988	23.8
989	156.3
990	19.4
991	283.7
992	52.1
993	232.7
994	12.3
995	112.3
996	56.6
997	202.2
998	51.2
999	225.2
1000	67.7
1001	158.6
1002	7.5
1003	353.6
1004	51
1005	130.2
1006	36.8
1007	346.1
1008	11.2
1009	263.6
1010	11.6
1011	34.2
1012	19.5
1013	30.9
1014	22.3
1015	323.7
1016	13.5
1017	269
1018	27.2
1019	1.3
1020	57.5
1021	118.2
1022	14.7
1023	305.6
1024	37.1
1025	267.1
1026	41.8
1027	291.8
1028	39.2
1029	99.7
1030	63.2
1031	171.6
1032	61.8
1033	295.3
1034	47.9
1035	103
1036	37.4
1037	80.1
1038	49.3
1039	213.3
1040	64
1041	27.8
1042	31.3
1043	171.5
1044	56.6
1045	309.6
1046	66.6
1047	220.2
1048	49.9
1049	341.1
1050	52.8
1051	61.2
1052	57.6
1053	1.7
1054	47.3
1055	106.5
1056	55.7
1057	175.5
1058	11.9
1059	186.6
1060	27.1
1061	253.6
1062	63.9
1063	257
1064	19.7
1065	169.4
1066	13.9
1067	35.6
1068	39.5
1069	160.9
1070	10.5
1071	245.9
1072	68.9
1073	190.4
1074	19.6
1075	239.9
1076	27.9
1077	138.3
1078	36.2
1079	199.6
1080	58.9
1081	304.3
1082	67
1083	123
1084	24.5
1085	344.7
1086	48.9
1087	2
1088	46.1
1089	137
1090	18.7
1091	73.1
1092	46.9
1093	271.4
1094	11.2
1095	97.2
1096	63.1
1097	250.9
1098	41.6
1099	212.9
1100	15.7
1101	99.6
1102	66.2
1103	29.9
1104	27.1
1105	331.8
1106	25.6
1107	136.8
1108	61.8
1109	72.7
1110	42.6
1111	289.8
1112	51.8
1113	265.2
1114	18.6
1115	207.3
1116	12
1117	125.9
1118	29.8
1119	321
1120	51.2
1121	88.5
1122	49.7
1123	308.8
1124	45.8
1125	223.2
1126	7.1
1127	229.8
1128	22.1
1129	295.3
1130	55.3
1131	122.1
1132	9.1
1133	249.3
1134	69.7
1135	124.1
1136	60
1137	26.6
1138	34.7
1139	41.6
1140	34.4
1141	67.1
1142	14.9
1143	128.2
1144	10.7
1145	193.9
1146	9.1
1147	113.5
1148	14.5
1149	262.5
1150	38.2
1151	39.4
1152	13.7
1153	72.5
1154	44.4
1155	352.9
1156	27.9
1157	188.8
1158	50.4
1159	22.4
1160	18.6
1161	40.1
1162	35.4
1163	305.4
1164	56
1165	70.1
1166	68.9
1167	147.9
1168	45.2
1169	110.2
1170	60.2
1171	250.6
1172	8.4
1173	0.2
1174	45
1175	126.1
1176	35.6
1177	269.2
1178	50.9
1179	57.8
1180	47.3
1181	112.1
1182	13.5
1183	300.8
1184	22.9
1185	4.9
1186	62.6
1187	276
1188	65.3
1189	154.9
1190	16
1191	225.8
1192	37.2
1193	250
1194	65
1195	350.8
1196	23.1
1197	319.4
1198	50.2
1199	79.2
1200	57.9
1201	1.8
1202	12.6
1203	259.4
1204	9.3
1205	334.9
1206	29.2
1207	51.3
1208	15.9
1209	289.6
1210	67.2
1211	142.6
1212	34.2
1213	28.1
1214	47.2
1215	268.3
1216	23.3
1217	132.6
1218	51.7
1219	248.7
1220	12.4
1221	304.1
1222	36.4
1223	133.2
1224	26.1
1225	4.3
1226	67.9
1227	237
1228	24.8
1229	82.7
1230	26.7
1231	198.8
1232	47.2
1233	321.8
1234	52.4
1235	114.2
1236	12.8
1237	313.8
1238	13.5
1239	262.3
1240	66.5
1241	326.3
1242	35.8
1243	24.4
1244	25
1245	5.1
1246	17.5
1247	231.7
1248	10
1249	271.4
1250	32.3
1251	107.3
1252	67.7
1253	286
1254	10.2
1255	353.9
1256	19.6
1257	322.5
1258	23.1
1259	148.4
1260	47.4
1261	121.2
1262	54.1
1263	318.8
1264	28.7
1265	165.3
1266	49.2
1267	180.7
1268	35.7
1269	244.6
1270	27.2
1271	78.4
1272	67
1273	222.4
1274	33.3
1275	135.1
1276	10
1277	179.3
1278	15.5
1279	336.6
1280	18.1
1281	233
1282	30.2
1283	118.3
1284	30.2
1285	344.4
1286	52.9
1287	258.8
1288	38.6
1289	244.2
1290	16.8
1291	127.8
1292	39.8
1293	53.4
1294	35
1295	1.1
1296	10.1
1297	122.4
1298	42.6
1299	172.3
1300	62.6
1301	13.1
1302	66.4
1303	289.3
1304	22
1305	44.8
1306	50
1307	218
1308	19.3
1309	342.3
1310	20.1
1311	142
1312	54.9
1313	164.7
1314	15.5
1315	182.6
1316	31.9
1317	269.3
1318	43.2
1319	237.8
1320	56.8
1321	256.2
1322	10.7
1323	112.9
1324	59.3
1325	43.8
1326	43
1327	218.2
1328	41.4
1329	337.2
1330	17.9
1331	52.9
1332	16.2
1333	338.2
1334	68.7
1335	154.9
1336	36.4
1337	219.6
1338	66.9
1339	321.1
1340	35.5
1341	209.2
1342	36.3
1343	189.9
1344	57.4
1345	63.3
1346	68.6
1347	338.2
1348	37.6
1349	56.1
1350	44.8
1351	154.4
1352	38.5
1353	334
1354	68
1355	4.1
1356	21.9
1357	174.1
1358	43.9
1359	316.4
1360	57.5
1361	99.1
1362	32
1363	15
1364	30.8
1365	277.6
1366	43.3
1367	90.7
1368	10.6
1369	344
1370	47.4
1371	183.6
1372	31
1373	73.9
1374	53.3
1375	90.2
1376	62.6
1377	31.2
1378	25.2
1379	28.1
1380	27.6
1381	13.4
1382	10.1
1383	155.4
1384	33.5
1385	318.2
1386	28
1387	272.5
1388	58.7
1389	261.3
1390	18.9
1391	159.5
1392	7.9
1393	183
1394	19.6
1395	107.2
1396	54.2
1397	238.7
1398	46.2
1399	298.2
1400	9.5
1401	140.2
1402	33.8
1403	47.4
1404	50.7
1405	321.4
1406	13.5
1407	154
1408	28.6
1409	104.7
1410	30.4
1411	130.6
1412	38.2
1413	135
1414	7
1415	226.2
1416	38
1417	8.6
1418	48.9
1419	154.3
1420	58.5
1421	310.4
1422	35.3
1423	14.6
1424	56.4
1425	200.7
1426	43.9
1427	308.8
1428	67.1
1429	257.6
1430	65.4
1431	260.6
1432	14.2
1433	152
1434	55.6
1435	156.4
1436	22.6
1437	143.1
1438	11.5
1439	155.1
1440	26.6
1441	28.6
1442	62.1
1443	174.9
1444	67
1445	46.6
1446	59.9
1447	64.6
1448	49
1449	240.3
1450	8.4
1451	198.9
1452	39.9
1453	348.6
1454	7.3
1455	217
1456	9
1457	45.1
1458	17.4
1459	256.7
1460	58.5
1461	105.6
1462	35.4
1463	232.5
1464	25.2
1465	287.5
1466	63.3
1467	334.1
1468	22.4
1469	38.3
1470	33.1
1471	108.4
1472	10.5
1473	301.9
1474	65.5
1475	319.3
1476	9.7
1477	36.1
1478	55.4
1479	100.7
1480	25
1481	33.9
1482	7.4
1483	38.8
1484	47.3
1485	256.4
1486	30.7
1487	188.6
1488	64.5
1489	253.3
1490	21.7
1491	280
1492	11.5
1493	287.1
1494	7.5
1495	55.3
1496	61.4
1497	151.9
1498	19.7
1499	161.4
1500	66.5
1501	226.5
1502	46.8
1503	158.3
1504	37.5
1505	201.6
1506	15.2
1507	282.5
1508	9.6
1509	101.7
1510	30
1511	202.5
1512	60.1
1513	319.6
1514	16.9
1515	112.6
1516	46.4
1517	45.9
1518	18.4
1519	144
1520	40
1521	159
1522	14.4
1523	251.9
1524	19.7
1525	144.7
1526	69.4
1527	30.8
1528	7
1529	63.3
1530	16
1531	84.8
1532	12.1
1533	178.9
1534	66.1
1535	206.8
1536	36.5
1537	123.2
1538	34.1
1539	236.5
1540	17.6
1541	110.1
1542	45.2
1543	319
1544	37.3
1545	93.9
1546	68.3
1547	282.3
1548	68.7
1549	245.9
1550	25.9
1551	55
1552	57.6
1553	5.1
1554	47.8
1555	281.2
1556	26.3
1557	238.1
1558	35.2
1559	153.7
1560	49.2
1561	166.8
1562	39.9
1563	314.1
1564	7.4
1565	75.4
1566	52.6
1567	320.4
1568	13.4
1569	167.8
1570	51.4
1571	182
1572	42.3
1573	135.1
1574	59.1
1575	211
1576	9.6
1577	59.3
1578	17.4
1579	269.5
1580	26.6
1581	212.6
1582	47.8
1583	72
1584	26.3
1585	82.1
1586	61.6
1587	268.4
1588	50.2
1589	250.6
1590	26.3
1591	15.1
1592	37.8
1593	340.6
1594	52.2
1595	297.3
1596	27
1597	30.5
1598	27.9
1599	286.1
1600	51.9
1601	3.3
1602	53.2
1603	132.1
1604	40
1605	339.3
1606	48.8
1607	188.7
1608	55.3
1609	237.7
1610	60.4
1611	289.8
1612	50.6
1613	3.4
1614	27.8
1615	52.4
1616	10.4
1617	324.6
1618	30.9
1619	32.1
1620	65.5
1621	310.6
1622	58.1
1623	17.3
1624	7.2
1625	146.4
1626	60.1
1627	8.7
1628	27.7
1629	252
1630	60.4
1631	194.5
1632	61.4
1633	165.7
1634	53.8
1635	253.5
1636	23.8
1637	134.2
1638	66.3
1639	139.9
1640	11.5
1641	92.3
1642	69.8
1643	94
1644	44.1
1645	100.8
1646	44.1
1647	204.6
1648	49.4
1649	88.4
1650	69.6
1651	222.5
1652	44.6
1653	351.6
1654	47.8
1655	172.4
1656	21.9
1657	2.5
1658	69.8
1659	58.2
1660	10.6
1661	181.4
1662	11.2
1663	234.1
1664	11
1665	92.3
1666	17
1667	142.5
1668	41.1
1669	60.5
1670	51.4
1671	118.1
1672	62
1673	49.4
1674	12.5
1675	183.5
1676	36.2
1677	20.8
1678	38.7
1679	114.2
1680	60.3
1681	348.2
1682	9.4
1683	33.6
1684	14.5
1685	119.3
1686	32.9
1687	53.3
1688	26.7
1689	250.1
1690	46.8
1691	314.5
1692	20.7
1693	208.9
1694	11.3
1695	341.4
1696	23.2
1697	325.1
1698	17.3
1699	16.4
1700	63.1
1701	102.9
1702	16
1703	3.2
1704	67.8
1705	204
1706	18.3
1707	68.8
1708	36.8
1709	72.9
1710	18
1711	223.2
1712	66.5
1713	36.5
1714	30.3
1715	268
1716	39.6
1717	295.3
1718	10.3
1719	190.9
1720	21.7
1721	132.8
1722	13
1723	53.2
1724	47.3
1725	124.3
1726	62.5
1727	129.2
1728	11.4
1729	222
1730	47.8
1731	254.4
1732	12.5
1733	143
1734	65.1
1735	157.5
1736	9.7
1737	189.8
1738	43.9
1739	43.5
1740	46.8
1741	82.5
1742	53.3
1743	188.1
1744	19.9
1745	86.7
1746	25.6
1747	346.3
1748	30.1
1749	256.3
1750	19.8
1751	33.3
1752	59.9
1753	24.3
1754	34
1755	33.4
1756	37.8
1757	28.4
1758	11.2
1759	308.4
1760	46.8
1761	121.6
1762	10.6
1763	131.7
1764	66.4
1765	141.3
1766	65.3
1767	253.6
1768	57.4
1769	144.1
1770	53.6
1771	109.7
1772	11.9
1773	60.2
1774	32.2
1775	4.9
1776	39.7
1777	86.9
1778	39.3
1779	219.3
1780	39.2
1781	279
1782	24.7
1783	213.2
1784	65.8
1785	90.3
1786	19.1
1787	148
1788	45.7
1789	128.3
1790	19.5
1791	87.7
1792	41.5
1793	208.8
1794	19.2
1795	261.2
1796	54.3
1797	333.5
1798	31.4
1799	255.2
1800	68
1801	27.8
1802	17
1803	338.5
1804	45.5
1805	260.1
1806	58.4
1807	262
1808	33.4
1809	225.8
1810	54.5
1811	353.8
1812	55.2
1813	49.9
1814	28.5
1815	232.4
1816	8.7
1817	30.1
1818	26.7
1819	208.7
1820	44.2
1821	180.5
1822	18
1823	336
1824	60.2
1825	219.8
1826	36.2
1827	232.3
1828	41.7
1829	284.5
1830	51.4
1831	123.6
1832	25.1
1833	300.7
1834	21.3
1835	206.1
1836	11.3
1837	277.5
1838	30.3
1839	143.5
1840	50
1841	286.8
1842	64.8
1843	186.2
1844	35.7
1845	260.2
1846	12.2
1847	168.8
1848	46.5
1849	292.2
1850	41.3
1851	146.1
1852	24.1
1853	259.7
1854	21.7
1855	163.8
1856	60.6
1857	70.8
1858	32.5
1859	233.7
1860	66.7
1861	192.3
1862	28.9
1863	88.5
1864	23.1
1865	150
1866	46.2
1867	300.3
1868	60.3
1869	120.3
1870	63.1
1871	62.9
1872	31.5
1873	137.4
1874	25.7
1875	204.7
1876	11.7
1877	28.1
1878	17.1
1879	139
1880	11.1
1881	50.4
1882	58.3
1883	291.9
1884	22.5
1885	239.3
1886	45.9
1887	268.4
1888	39
1889	78.9
1890	7.9
1891	184.4
1892	8.7
1893	48.3
1894	33.1
1895	133.2
1896	23.6
1897	206
1898	48.6
1899	270.2
1900	9.2
1901	36
1902	56.8
1903	111
1904	43.7
1905	337.9
1906	21.8
1907	8.1
1908	52.3
1909	319.6
1910	45.2
1911	315.1
1912	36.4
1913	349.9
1914	42.5
1915	84.6
1916	40.1
1917	111.7
1918	28.8
1919	323.2
1920	51.2
1921	150
1922	11
1923	44.1
1924	60.3
1925	283.5
1926	65.6
1927	153.1
1928	22.8
1929	270.3
1930	53.2
1931	279.5
1932	16.4
1933	50.7
1934	36.5
1935	86.1
1936	16.1
1937	167.9
1938	34.7
1939	178.1
1940	64.6
1941	327.8
1942	20.6
1943	224.5
1944	60.6
1945	215.9
1946	27.4
1947	350.2
1948	53.4
1949	284.3
1950	49.1
1951	11.2
1952	16.3
1953	275.3
1954	52.6
1955	239.4
1956	28.1
1957	108.3
1958	65
1959	44.7
1960	10.2
1961	156.8
1962	26.3
1963	348.3
1964	42.1
1965	279.3
1966	39
1967	242.9
1968	15.2
1969	315.2
1970	8.2
1971	111.7
1972	15.4
1973	193.1
1974	67.6
1975	190.7
1976	24
1977	333.6
1978	32
1979	92.3
1980	58.6
1981	108.9
1982	17.5
1983	109.1
1984	28.3
1985	101.1
1986	22.9
1987	310.6
1988	10
1989	343.3
1990	55.4
1991	306.9
1992	35.6
1993	91
1994	10.4
1995	225.8
1996	16.2
1997	340.1
1998	51
1999	257.8
2000	60.6
2001	101.2
2002	67.2
2003	33.8
2004	46
2005	282.8
2006	65.3
2007	292.3
2008	13.6
2009	345
2010	65.3
2011	237.8
2012	48.7
2013	302.1
2014	40.1
2015	20.6
2016	27.8
2017	329.7
2018	27.6
2019	312.6
2020	14.1
2021	116
2022	24.4
2023	292.9
2024	64.4
2025	70.4
2026	12.2
2027	327
2028	33.8
2029	155.2
2030	64.5
2031	302.1
2032	10.8
2033	19.2
2034	62.1
2035	1.6
2036	20.8
2037	335.3
2038	30.5
2039	258.4
2040	23.4
2041	5.3
2042	13.4
2043	56.1
2044	59.3
2045	164.6
2046	37.8
2047	327.6
2048	21.3
2049	218.4
2050	53.3
2051	40.7
2052	39.5
2053	285.6
2054	14.1
2055	190.2
2056	59.6
2057	24.5
2058	38.9
2059	57.5
2060	63.4
2061	175.8
2062	18.5
2063	245
2064	17.5
2065	274
2066	13.5
2067	319.5
2068	33.7
2069	151.8
2070	59.5
2071	82.3
2072	32.1
2073	343.8
2074	7.9
2075	66
2076	64.2
2077	160.2
2078	38.9
2079	93.5
2080	58.3
2081	337.1
2082	66.7
2083	300
2084	42.4
2085	263.6
2086	13.8
2087	264.8
2088	34.1
2089	183.9
2090	9.9
2091	74.8
2092	40.2
2093	2.4
2094	44.8
2095	258.9
2096	32.2
2097	234.9
2098	15.7
2099	253.8
2100	37.7
2101	166.6
2102	67.7
2103	63.5
2104	30.7
2105	154.3
2106	35.6
2107	30.7
2108	47.6
2109	179.6
2110	15.1
2111	157.2
2112	68.8
2113	213.1
2114	41.7
2115	143.4
2116	52.2
2117	340.3
2118	25.3
2119	50.7
2120	61.4
2121	67.6
2122	43.7
2123	62.5
2124	69.3
2125	357.8
2126	27.4
2127	43
2128	47.5
2129	85.9
2130	50.9
2131	327.1
2132	39.8
2133	16.2
2134	8
2135	275
2136	13.6
2137	91.3
2138	36.2
2139	102
2140	32.2
2141	23.3
2142	58.4
2143	242
2144	65.4
2145	313.3
2146	19.5
2147	273.9
2148	53.7
2149	115.2
2150	48.4
2151	33.5
2152	24.6
2153	144.3
2154	24.6
2155	45
2156	26.6
2157	30.3
2158	9.6
2159	307.4
2160	65.6
2161	228.2
2162	42.3
2163	310.9
2164	8.3
2165	218.2
2166	21.1
2167	332.9
2168	17
2169	233.5
2170	20.1
2171	115.7
2172	58.9
2173	141.7
2174	21.5
2175	244.9
2176	20.3
2177	74.7
2178	40.3
2179	151.2
2180	55.8
2181	173.3
2182	62
2183	300.1
2184	43.5
2185	198.8
2186	8.5
2187	271.8
2188	36.1
2189	346.1
2190	52
2191	58
2192	55.5
2193	272.5
2194	49.1
2195	93
2196	25.1
2197	92.4
2198	16.2
2199	142.7
2200	25.4
2201	294
2202	57.3
2203	352.6
2204	8.3
2205	111.3
2206	53.7
2207	208.3
2208	14.1
2209	342.1
2210	50.7
2211	346.3
2212	35.1
2213	169
2214	11.1
2215	288.5
2216	8.1
2217	212.9
2218	44.3
2219	108.2
2220	26.4
2221	277.6
2222	39.7
2223	137.1
2224	35.7
2225	308.9
2226	31.5
2227	352
2228	61.1
2229	148.1
2230	45
2231	268.2
2232	62.3
2233	64.6
2234	31.6
2235	54.5
2236	19.8
2237	186.1
2238	56
2239	120.9
2240	61.8
2241	193.3
2242	48.9
2243	101.1
2244	32
2245	353.2
2246	35.2
2247	256.3
2248	24.4
2249	183.7
2250	11.6
2251	54.2
2252	12.5
2253	258.4
2254	26.4
2255	226.9
2256	28.1
2257	296.8
2258	19.7
2259	96.7
2260	51.7
2261	247.1
2262	35.2
2263	105.4
2264	49.8
2265	51
2266	47.1
2267	155.8
2268	36.8
2269	139.5
2270	39.5
2271	296.7
2272	48.4
2273	281.9
2274	57.7
2275	126.3
2276	59.4
2277	279.7
2278	65.1
2279	155.8
2280	8
2281	120.7
2282	32.8
2283	290.3
2284	52.1
2285	302.9
2286	59
2287	196.6
2288	25.9
2289	124.5
2290	67.5
2291	187.5
2292	15.8
2293	213.6
2294	35.2
2295	193.1
2296	47.1
2297	68.1
2298	65
2299	294.5
2300	43.2
2301	187.4
2302	57.4
2303	247.6
2304	9.6
2305	213
2306	36
2307	226.9
2308	38.2
2309	194.4
2310	17.6
2311	201.7
2312	29.9
2313	345.3
2314	67.9
2315	262.8
2316	52.1
2317	344
2318	63.5
2319	129.9
2320	23
2321	42.9
2322	56.1
2323	295.2
2324	20.4
2325	88.8
2326	43
2327	10.4
2328	58.3
2329	175.9
2330	16.3
2331	186.7
2332	17.8
2333	336.4
2334	35.6
2335	307.4
2336	51.3
2337	329.1
2338	38.6
2339	76.2
2340	13.6
2341	296.5
2342	53.4
2343	253.8
2344	56.8
2345	138.2
2346	36.9
2347	264.5
2348	49.7
2349	2.2
2350	29.5
2351	279
2352	69.6
2353	106.2
2354	67.8
2355	119.7
2356	41.3
2357	143.3
2358	62.1
2359	345.8
2360	48.3
2361	157.7
2362	22.5
2363	214.6
2364	64
2365	211.1
2366	58.8
2367	210.3
2368	54
2369	173.7
2370	41.8
2371	178.5
2372	55.1
2373	185.9
2374	14.9
2375	6.4
2376	67.3
2377	10.2
2378	22.9
2379	222.8
2380	40.1
2381	46
2382	9.7
2383	213.9
2384	13.8
2385	44.6
2386	61.7
2387	146.2
2388	15.1
2389	152.7
2390	20.5
2391	198.5
2392	39.6
2393	327.7
2394	26.4
2395	319.5
2396	35
2397	80
2398	53.7
2399	231.3
2400	33.1
2401	71.7
2402	48.4
2403	292.4
2404	29.4
2405	348.9
2406	62.7
2407	158.7
2408	64.1
2409	307.1
2410	43.4
2411	46.9
2412	46.8
2413	156.6
2414	67.9
2415	112.8
2416	53.5
2417	152.9
2418	27
2419	188.2
2420	40.5
2421	75.8
2422	20.1
2423	118.6
2424	33.9
2425	261.1
2426	35.4
2427	134.2
2428	63.5
2429	153.6
2430	44.7
2431	168.4
2432	16.6
2433	331.8
2434	45.1
2435	215.3
2436	31.6
2437	7.5
2438	40.6
2439	96.6
2440	62.4
2441	237
2442	14.6
2443	201.2
2444	28
2445	43.7
2446	35.8
2447	184.3
2448	68.2
2449	2.3
2450	8.1
2451	230.2
2452	68.6
2453	137.3
2454	29
2455	149.1
2456	32.3
2457	275.9
2458	14.1
2459	232
2460	65.3
2461	267.4
2462	41.1
2463	81.5
2464	69.4
2465	71.8
2466	41.9
2467	12.5
2468	53.8
2469	257.1
2470	13.6
2471	2
2472	30.2
2473	30.8
2474	32.1
2475	26.2
2476	17.8
2477	313.4
2478	17.5
2479	274.8
2480	13.7
2481	169.7
2482	9.4
2483	323.6
2484	51.6
2485	221.8
2486	42.3
2487	161.4
2488	39.1
2489	97.5
2490	29.5
2491	285.3
2492	25.9
2493	76.3
2494	46.2
2495	84.7
2496	65.7
2497	305.9
2498	9.9
2499	85.6
2500	60
2501	197
2502	49.6
2503	20.7
2504	8.2
2505	85
2506	10.6
2507	22.4
2508	43.3
2509	291.7
2510	31.1
2511	151
2512	16
2513	165.3
2514	40.1
2515	335.6
2516	46.8
2517	17.7
2518	38.5
2519	280.7
2520	15.7
2521	136.1
2522	11.9
2523	252.8
2524	61.3
2525	155.5
2526	13.9
2527	105.6
2528	64.1
2529	201.2
2530	35.7
2531	195.6
2532	49.1
2533	223
2534	42.1
2535	127.5
2536	59
2537	150.7
2538	53.2
2539	58.4
2540	45.6
2541	295.6
2542	50.7
2543	25.9
2544	53.8
2545	251.5
2546	30
2547	62
2548	65
2549	164.3
2550	22.2
2551	82.7
2552	53.7
2553	139.6
2554	8.6
2555	124.8
2556	44
2557	268.1
2558	28
2559	25.9
2560	60.3
2561	328.1
2562	51.3
2563	24.2
2564	15.6
2565	171.9
2566	18.7
2567	76
2568	10.9
2569	17.5
2570	42.6
2571	99.3
2572	30.7
2573	13.7
2574	28
2575	94.3
2576	20.5
2577	74.7
2578	30.6
2579	335.8
2580	49.5
2581	163.7
2582	56.4
2583	145.2
2584	47.2
2585	61.8
2586	16.5
2587	270.3
2588	25.9
2589	271.9
2590	69
2591	195.1
2592	61.5
2593	22.1
2594	26.7
2595	60.6
2596	48.4
2597	202.2
2598	68.7
2599	219.8
2600	66.9
2601	303.8
2602	28.4
2603	264.3
2604	63
2605	87.5
2606	29.8
2607	72.4
2608	19.5
2609	313.2
2610	25.7
2611	256.1
2612	41.9
2613	242.6
2614	36.8
2615	315.6
2616	37
2617	44.2
2618	31.1
2619	352.3
2620	12.9
2621	99.3
2622	33.4
2623	169.5
2624	32.6
2625	15.3
2626	9.7
2627	59.1
2628	49.4
2629	256.1
2630	38.7
2631	283
2632	26.9
2633	140.9
2634	55.3
2635	61.4
2636	67.8
2637	116.8
2638	28.8
2639	86
2640	48
2641	330.7
2642	49.3
2643	81.9
2644	13.4
2645	322
2646	56.7
2647	131.3
2648	55.9
2649	144.2
2650	53.1
2651	153.3
2652	49.9
2653	153.6
2654	60.4
2655	198
2656	64.4
2657	12.4
2658	38.6
2659	133.4
2660	62.5
2661	145.7
2662	10.3
2663	311.6
2664	44.4
2665	128.5
2666	55.3
2667	297.6
2668	69.9
2669	358
2670	20.2
2671	73.6
2672	16.3
2673	189.4
2674	10.8
2675	279.3
2676	35.1
2677	226.4
2678	12.2
2679	280.7
2680	34.2
2681	317.7
2682	52.5
2683	153.6
2684	57.3
2685	147
2686	52.7
2687	199
2688	63.6
2689	285.6
2690	57.5
2691	235.5
2692	17.5
2693	216.1
2694	29.3
2695	12.8
2696	43.3
2697	285.4
2698	47.3
2699	6.5
2700	49.5
2701	14.1
2702	49.5
2703	227
2704	44.4
2705	295.8
2706	57.8
2707	23.3
2708	55.7
2709	140.9
2710	49.8
2711	99.9
2712	13
2713	7.7
2714	45.4
2715	190.5
2716	42.8
2717	47
2718	44.1
2719	237.1
2720	30.8
2721	341.7
2722	52.3
2723	237.9
2724	46
2725	288.3
2726	58.5
2727	93.5
2728	28.8
2729	325.7
2730	7.9
2731	222.4
2732	39.8
2733	103
2734	19.4
2735	73.3
2736	60.5
2737	311.7
2738	19.2
2739	150.4
2740	53.1
2741	319.1
2742	64.2
2743	259.5
2744	34.9
2745	267.3
2746	14.6
2747	205.4
2748	20.9
2749	229.7
2750	64
2751	270.8
2752	14.5
2753	262.5
2754	27.7
2755	345.8
2756	48.8
2757	308.4
2758	15.1
2759	273.3
2760	37.2
2761	215.5
2762	9.1
2763	27.6
2764	27.4
2765	31.2
2766	11.3
2767	169.7
2768	70
2769	268.8
2770	24.7
2771	332.5
2772	23.5
2773	126
2774	26.1
2775	112
2776	59.5
2777	209.7
2778	19.2
2779	43.5
2780	37.5
2781	64
2782	54.6
2783	37.3
2784	38.1
2785	80
2786	18.3
2787	223.3
2788	33.7
2789	163.3
2790	30.9
2791	84.1
2792	7.8
2793	41.4
2794	31.7
2795	159.4
2796	63.1
2797	97.7
2798	29.9
2799	130.5
2800	27.6
2801	95.5
2802	48.7
2803	57.2
2804	25.6
2805	80.1
2806	49.7
2807	312.2
2808	16.9
2809	206.5
2810	35.3
2811	44.6
2812	51.6
2813	91.7
2814	20.7
2815	71.4
2816	19
2817	18.7
2818	62.3
2819	55.5
2820	15.1
2821	53.1
2822	48.7
2823	99.9
2824	11.1
2825	7.6
2826	9.3
2827	164.8
2828	55.7
2829	63.8
2830	34.3
2831	108.6
2832	22.1
2833	178.4
2834	45.4
2835	313.4
2836	48.1
2837	95.2
2838	8.3
2839	298.3
2840	14
2841	240
2842	43.2
2843	337.7
2844	43.8
2845	206.6
2846	50.4
2847	193.9
2848	8.1
2849	323.4
2850	52.9
2851	152.2
2852	21.6
2853	270.9
2854	16.5
2855	186.8
2856	65.3
2857	266.4
2858	56.8
2859	127
2860	52
2861	81
2862	33.4
2863	296.7
2864	35.5
2865	291.6
2866	62.8
2867	279.4
2868	12.8
2869	181.3
2870	32.2
2871	153.7
2872	44.4
2873	209.9
2874	45.5
2875	347.4
2876	13.6
2877	217.5
2878	42.1
2879	341.6
2880	59.3
2881	347.8
2882	46.3
2883	96.4
2884	41.7
2885	321.1
2886	63.3
2887	133.5
2888	42.5
2889	159.1
2890	50
2891	149.4
2892	52.7
2893	299.4
2894	33.8
2895	314.5
2896	61
2897	247.4
2898	13.6
2899	248.5
2900	64.2
2901	114.6
2902	45.5
2903	43.7
2904	50.6
2905	38.4
2906	57.9
2907	287.6
2908	11.5
2909	75.4
2910	56.8
2911	126
2912	60.6
2913	161.4
2914	25
2915	290.2
2916	65
2917	281.5
2918	54.1
2919	50.1
2920	42.7
2921	210
2922	62.9
2923	191.4
2924	53.1
2925	320.1
2926	67.9
2927	202.6
2928	59.1
2929	330.2
2930	61.9
2931	197.4
2932	62.6
2933	246.5
2934	67.7
2935	194
2936	65.3
2937	67.6
2938	20.4
2939	175.2
2940	62.8
2941	185.4
2942	52.4
2943	98.5
2944	12.3
2945	115.5
2946	20.5
2947	20.6
2948	68.5
2949	15.3
2950	49.2
2951	187.1
2952	22.9
2953	207.2
2954	26.6
2955	56.3
2956	12
2957	314.3
2958	12.9
2959	249.3
2960	15.2
2961	317.3
2962	60.2
2963	61.7
2964	33.4
2965	194.7
2966	57.9
2967	319.7
2968	26.3
2969	339.9
2970	41.9
2971	320.6
2972	22
2973	64.7
2974	29.9
2975	314.9
2976	19
2977	321
2978	39.7
2979	60.2
2980	9.4
2981	34.2
2982	40.2
2983	237.5
2984	65.8
2985	305.8
2986	57.7
2987	20.9
2988	39.1
2989	283.3
2990	60.3
2991	111.4
2992	23
2993	195.6
2994	41.3
2995	223.2
2996	17.2
2997	69.1
2998	51.2
2999	79
3000	46.3
3001	7.9
3002	34.1
3003	271.7
3004	53.6
3005	216.3
3006	31.5
3007	44
3008	40.4
3009	93.1
3010	44
3011	153
3012	24.5
3013	235.8
3014	38
3015	314.2
3016	40.5
3017	74.5
3018	59.9
3019	114
3020	18
3021	141.9
3022	17.2
3023	295.2
3024	11
3025	170.8
3026	34.2
3027	174.4
3028	60
3029	249.5
3030	22.6
3031	350.4
3032	25.8
3033	4.1
3034	56.8
3035	142.5
3036	28.7
3037	182.6
3038	65.1
3039	208.8
3040	16.3
3041	51
3042	43.7
3043	349.1
3044	38.3
3045	162.1
3046	67
3047	311.8
3048	41.4
3049	121.7
3050	10.5
3051	89.2
3052	15.3
3053	116.4
3054	55.3
3055	204.6
3056	31
3057	300
3058	23.2
3059	344.1
3060	42.9
3061	195.6
3062	43.8
3063	242.7
3064	29.3
3065	79.5
3066	21.8
3067	23.4
3068	65.4
3069	294
3070	61.4
3071	145.8
3072	63.9
3073	117
3074	50.6
3075	33.5
3076	12.6
3077	287.8
3078	22.8
3079	320.9
3080	24.5
3081	270.4
3082	29.8
3083	252.7
3084	8.7
3085	159.1
3086	62.9
3087	337.9
3088	38.5
3089	242.9
3090	53.3
3091	332
3092	25.5
3093	105.1
3094	8.3
3095	325.4
3096	29.1
3097	341.1
3098	46.6
3099	218
3100	18.3
3101	202.2
3102	68.8
3103	300.2
3104	36.7
3105	335.1
3106	14.2
3107	169.3
3108	30.9
3109	228.7
3110	55.2
3111	326.5
3112	13.3
3113	168.4
3114	53.8
3115	277.3
3116	58.2
3117	222
3118	60.7
3119	73.2
3120	62.2
3121	41
3122	15.4
3123	242.9
3124	42.6
3125	45.3
3126	44.9
3127	175.7
3128	50.7
3129	16.1
3130	7.8
3131	72.5
3132	46.4
3133	290.5
3134	25.4
3135	311.2
3136	7.3
3137	340.8
3138	12.2
3139	122
3140	39.4
3141	325.2
3142	67.3
3143	58.2
3144	68.5
3145	35.6
3146	11
3147	291.9
3148	48.9
3149	327.3
3150	34.8
3151	64
3152	44.3
3153	72
3154	20
3155	293.2
3156	60.6
3157	226.1
3158	48.3
3159	114.8
3160	25.8
3161	7.7
3162	40.9
3163	314.4
3164	9.9
3165	63.5
3166	20.1
3167	155.1
3168	56.4
3169	340.5
3170	48.6
3171	134.4
3172	7.4
3173	99.1
3174	69.2
3175	261.2
3176	12.5
3177	31.7
3178	50.1
3179	99.8
3180	59.2
3181	26.8
3182	23.1
3183	283.8
3184	13
3185	186.1
3186	7.1
3187	341
3188	57.6
3189	68.7
3190	43.7
3191	109.4
3192	58.5
3193	346.3
3194	7.6
3195	189
3196	65.9
3197	214.6
3198	25.1
3199	182.1
3200	14.8
3201	108.3
3202	62.7
3203	157
3204	33
3205	176.5
3206	20.1
3207	357.1
3208	34.2
3209	175.2
3210	19.8
3211	315.8
3212	25.6
3213	246.9
3214	56.5
3215	74.5
3216	39
3217	31.4
3218	24
3219	132.4
3220	15.7
3221	77.9
3222	16.3
3223	54.7
3224	32.3
3225	290.2
3226	20.1
3227	97.1
3228	39.9
3229	50.8
3230	43.8
3231	273.3
3232	36.7
3233	215
3234	63.3
3235	84.4
3236	48.9
3237	60.1
3238	43.2
3239	185.3
3240	33.8
3241	273.6
3242	60.5
3243	96.3
3244	52.5
3245	188.6
3246	33.5
3247	149.9
3248	34.9
3249	259.8
3250	24.6
3251	255
3252	61.2
3253	312.9
3254	67.2
3255	93.6
3256	67.8
3257	329
3258	18.1
3259	62.8
3260	61.4
3261	75.6
3262	59.5
3263	225
3264	7.5
3265	299.3
3266	38.1
3267	126.4
3268	57.4
3269	332.1
3270	24.4
3271	307.4
3272	63.5
3273	106
3274	40.5
3275	164.1
3276	64.7
3277	133.9
3278	24.3
3279	347.6
3280	54.1
3281	11.4
3282	48
3283	46.2
3284	41.5
3285	81.3
3286	31.1
3287	207.5
3288	35.4
3289	14.4
3290	51.3
3291	1.8
3292	43.4
3293	32.5
3294	61.6
3295	192.7
3296	14.8
3297	98.5
3298	53.5
3299	24.9
3300	17
3301	354.8
3302	18.6
3303	112.4
3304	9.3
3305	266.6
3306	43.3
3307	194.6
3308	36.9
3309	241.6
3310	63.8
3311	115.7
3312	64.3
3313	43.1
3314	42.5
3315	221.9
3316	42.8
3317	319.2
3318	67.3
3319	111.7
3320	17
3321	2.3
3322	52.7
3323	333
3324	27
3325	344.8
3326	66.7
3327	176.6
3328	25.8
3329	286.8
3330	63.6
3331	270.5
3332	14.9
3333	169.4
3334	33.8
3335	225
3336	44.2
3337	79.7
3338	68.9
3339	40.5
3340	66.3
3341	176.7
3342	46.3
3343	77.3
3344	46.7
3345	10.7
3346	37.8
3347	70.7
3348	45.8
3349	333
3350	64.8
3351	35
3352	19.8
3353	284.5
3354	8
3355	276.3
3356	69.1
3357	252.6
3358	19.9
3359	219.6
3360	12.2
3361	129.5
3362	39.3
3363	133.6
3364	20.6
3365	139.9
3366	16.7
3367	108.6
3368	64.6
3369	225.5
3370	63.1
3371	61.9
3372	38.4
3373	339.3
3374	30.8
3375	207.1
3376	69.3
3377	345.9
3378	36.4
3379	222.2
3380	29.2
3381	120.9
3382	36.9
3383	21.3
3384	37.2
3385	104.1
3386	37.4
3387	174.1
3388	17.4
3389	14.5
3390	45.5
3391	308
3392	14.6
3393	315.2
3394	30.8
3395	28.9
3396	58.8
3397	222.6
3398	36.6
3399	135.7
3400	54.6
3401	330.6
3402	29.1
3403	195.1
3404	47.8
3405	90.5
3406	44.5
3407	250.7
3408	55.1
3409	274.1
3410	34.4
3411	285.5
3412	27.1
3413	183
3414	66.7
3415	191.6
3416	56.1
3417	347.3
3418	66.9
3419	123.5
3420	60.5
3421	283.2
3422	66.8
3423	29.5
3424	69
3425	202.4
3426	21.9
3427	146
3428	21.4
3429	145.4
3430	56.4
3431	220.4
3432	66.4
3433	29
3434	8.9
3435	286.8
3436	8.4
3437	317.4
3438	67.5
3439	182.8
3440	42.5
3441	139.6
3442	45.1
3443	333.3
3444	38
3445	356.2
3446	45.3
3447	183.7
3448	49.3
3449	84.1
3450	61.7
3451	264.4
3452	8.5
3453	326.4
3454	64.2
3455	199.2
3456	37.1
3457	331.4
3458	31.8
3459	81.9
3460	61.7
3461	2.1
3462	62.8
3463	137.9
3464	64.6
3465	109
3466	8.3
3467	160
3468	25.4
3469	280.8
3470	52
3471	84.4
3472	50
3473	97.1
3474	62.4
3475	207.7
3476	12.6
3477	345.3
3478	32
3479	77
3480	26.5
3481	264.4
3482	43.9
3483	1.1
3484	25.3
3485	311.6
3486	51.7
3487	68.1
3488	35.8
3489	42.1
3490	66.2
3491	65.8
3492	21.8
3493	103.6
3494	39.9
3495	256.6
3496	25
3497	281.1
3498	60.6
3499	244.9
3500	17.8
3501	13.1
3502	56.7
3503	25.7
3504	16.4
3505	203.6
3506	32.4
3507	87.1
3508	24.6
3509	321.8
3510	7.7
3511	72.9
3512	15.1
3513	337
3514	53.9
3515	260.8
3516	55.8
3517	157.7
3518	27.6
3519	120.9
3520	21.4
3521	203.6
3522	49.5
3523	164.5
3524	23.2
3525	156.7
3526	42.4
3527	283.5
3528	47
3529	47.9
3530	24.1
3531	239.4
3532	47.7
3533	284
3534	30.8
3535	335.7
3536	53.1
3537	341.5
3538	37.1
3539	308.2
3540	62.3
3541	213.5
3542	37.4
3543	6.7
3544	10.4
3545	345.6
3546	22.3
3547	229.1
3548	69.1
3549	105.3
3550	69.5
3551	96.3
3552	64.3
3553	66.6
3554	32.5
3555	347.1
3556	38.5
3557	91.2
3558	68.8
3559	310.4
3560	20.7
3561	298.3
3562	63.4
3563	315.3
3564	45.6
3565	127.5
3566	51
3567	346.2
3568	11.1
3569	9.5
3570	67.3
3571	255.6
3572	27
3573	75.9
3574	17.5
3575	321.2
3576	9.2
3577	155.9
3578	31.1
3579	252.9
3580	28.9
3581	309.6
3582	26.9
3583	144
3584	64.2
3585	36.1
3586	39.6
3587	266.6
3588	12.1
3589	354.6
3590	63.4
3591	182.9
3592	22.2
3593	22.9
3594	18.6
3595	342.1
3596	20
3597	156.7
3598	12.1
3599	118.5
3600	24.4
3601	188.8
3602	28.4
3603	189.8
3604	38
3605	327.6
3606	60.3
3607	161.4
3608	26.6
3609	351.4
3610	29.2
3611	119.3
3612	69.5
3613	144.8
3614	62.1
3615	102.9
3616	8.9
3617	341.6
3618	18.1
3619	305.5
3620	22.8
3621	337.6
3622	32
3623	218.4
3624	9.7
3625	158.5
3626	17.2
3627	213.5
3628	50.1
3629	55.9
3630	51.4
3631	295.5
3632	43
3633	283.4
3634	62.7
3635	267.4
3636	16.8
3637	5.3
3638	27.4
3639	13.5
3640	32.2
3641	161.2
3642	46.1
3643	268.4
3644	69.7
3645	244.1
3646	46.3
3647	110.7
3648	10
3649	142.2
3650	34
3651	172.9
3652	18.5
3653	349.2
3654	40.5
3655	86.9
3656	39.7
3657	187.6
3658	19.3
3659	180.1
3660	39.5
3661	36.4
3662	27.7
3663	90.4
3664	56.8
3665	203.7
3666	19.5
3667	176.9
3668	20.1
3669	11.9
3670	62.5
3671	68.6
3672	21.5
3673	188.4
3674	43.6
3675	213.2
3676	64
3677	205.8
3678	35.5
3679	284.6
3680	39.8
3681	328.4
3682	50.8
3683	184.9
3684	37.5
3685	350.3
3686	22
3687	169
3688	36.4
3689	215
3690	49.7
3691	164.4
3692	49.6
3693	343.4
3694	44.6
3695	97.1
3696	66.9
3697	108.1
3698	68.6
3699	31.4
3700	55.4
3701	9.1
3702	42
3703	144.5
3704	11.1
3705	59.8
3706	67
3707	204.6
3708	64.7
3709	131.4
3710	13.1
3711	38.7
3712	64.1
3713	163.7
3714	49.8
3715	302.4
3716	62.8
3717	262
3718	21.6
3719	204
3720	51.7
3721	219.5
3722	45
3723	42
3724	22.2
3725	200.3
3726	31
3727	151.1
3728	28.9
3729	284.3
3730	24.3
3731	109.3
3732	67
3733	250.9
3734	21.9
3735	118.3
3736	35.9
3737	7.6
3738	11.6
3739	1
3740	46.2
3741	68.9
3742	58.3
3743	258.8
3744	68
3745	66.7
3746	48.7
3747	152.5
3748	26.1
3749	13.4
3750	54.5
3751	111.7
3752	33.9
3753	162.2
3754	67.8
3755	176.1
3756	7.1
3757	332.1
3758	37.2
3759	308.5
3760	15.9
3761	33.3
3762	19.9
3763	171
3764	34.6
3765	105.6
3766	20.7
3767	350.7
3768	58.5
3769	318.4
3770	52.7
3771	211.1
3772	33.2
3773	258.8
3774	64.6
3775	177.6
3776	58.1
3777	318.3
3778	23.4
3779	163.3
3780	51.5
3781	331.5
3782	26.9
3783	53.6
3784	46.8
3785	133.9
3786	8.8
3787	326.7
3788	66.2
3789	332.6
3790	10.3
3791	165.6
3792	31.3
3793	209.3
3794	63.7
3795	88.9
3796	56.8
3797	68
3798	45.7
3799	111
3800	61.8
3801	349
3802	12.1
3803	129.4
3804	61.8
3805	61.1
3806	65
3807	296.1
3808	43.4
3809	71.9
3810	69.1
3811	238.7
3812	69.2
3813	34.7
3814	39.2
3815	298
3816	48.2
3817	13.6
3818	10.5
3819	286.9
3820	62.9
3821	25.2
3822	15.7
3823	151.8
3824	50.4
3825	241.5
3826	53.7
3827	133.2
3828	30.4
3829	231
3830	45
3831	57.1
3832	10.3
3833	170
3834	47.5
3835	101.3
3836	16.9
3837	80.2
3838	59.3
3839	281.9
3840	35.5
3841	99.5
3842	32
3843	313.8
3844	51
3845	185.6
3846	22.4
3847	234.4
3848	32.7
3849	203.7
3850	56.7
3851	327.8
3852	66.6
3853	158
3854	19.5
3855	101.8
3856	20.7
3857	128.2
3858	59.2
3859	18.6
3860	11
3861	9.2
3862	17
3863	104.4
3864	51
3865	228.3
3866	28.8
3867	1.2
3868	52.3
3869	54.6
3870	52
3871	136.1
3872	68.2
3873	314.5
3874	69.3
3875	253
3876	61.3
3877	69.8
3878	47.9
3879	171.5
3880	53.1
3881	346.8
3882	11.4
3883	293.9
3884	23
3885	28
3886	15.4
3887	101.9
3888	23.4
3889	187.6
3890	40.6
3891	342
3892	13
3893	182.7
3894	41.9
3895	250.4
3896	62.8
3897	130.2
3898	16
3899	336.7
3900	8.2
3901	67.2
3902	22
3903	216.6
3904	13.7
3905	85.6
3906	9.5
3907	150.1
3908	17.5
3909	66.3
3910	39.2
3911	261.2
3912	69.6
3913	204.6
3914	35
3915	264.8
3916	21.4
3917	59.8
3918	24.2
3919	198.3
3920	10.2
3921	176.3
3922	8.4
3923	132.8
3924	68.2
3925	199.5
3926	27.5
3927	145.3
3928	26.2
3929	239
3930	39.5
3931	30.5
3932	49.9
3933	189.8
3934	29
3935	325.3
3936	64.1
3937	170.4
3938	54.1
3939	83.8
3940	11.5
3941	268.3
3942	60.9
3943	72
3944	23.5
3945	133.9
3946	10.2
3947	84.8
3948	20.8
3949	241.1
3950	21.6
3951	99.7
3952	45.2
3953	63.9
3954	12.4
3955	46.5
3956	63
3957	142.7
3958	59.7
3959	123.9
3960	66.6
3961	210.9
3962	55
3963	221.2
3964	29.5
3965	180
3966	32.7
3967	33.1
3968	27.7
3969	125.3
3970	30.6
3971	169.4
3972	43.9
3973	31.8
3974	32
3975	118.3
3976	52.8
3977	50.4
3978	56.4
3979	169.4
3980	48.1
3981	57.9
3982	34.5
3983	348.8
3984	16.9
3985	187.6
3986	68.1
3987	78.2
3988	13.9
3989	59.9
3990	26.7
3991	228.1
3992	57.3
3993	214.1
3994	32.3
3995	254.7
3996	14.2
3997	294.3
3998	48.2
3999	201.4
4000	45.2
4001	349.3
4002	34.3
4003	26.7
4004	23.1
4005	338.5
4006	35
4007	327.9
4008	67.7
4009	116.7
4010	62.8
4011	104.6
4012	32.3
4013	114.2
4014	25
4015	9.3
4016	23
4017	296.6
4018	31
4019	331
4020	13.5
4021	45.1
4022	27.3
4023	329.6
4024	60.3
4025	21.3
4026	21.6
4027	89.5
4028	51.8
4029	171.9
4030	40.4
4031	135.2
4032	43.4
4033	309
4034	30.2
4035	94.2
4036	23.2
4037	48.1
4038	52.5
4039	305.6
4040	25.8
4041	141.8
4042	38
4043	43.8
4044	38
4045	241.7
4046	30.6
4047	125
4048	47.7
4049	289.4
4050	37.4
4051	218.1
4052	39.4
4053	277.9
4054	15.6
4055	254.5
4056	8.6
4057	154.8
4058	10.9
4059	22.6
4060	53.8
4061	111.4
4062	25.9
4063	111.3
4064	46
4065	40.6
4066	20.3
4067	187.7
4068	28.1
4069	237.1
4070	35.3
4071	285.5
4072	20.2
4073	106
4074	57.5
4075	15.9
4076	39.2
4077	214.7
4078	26.6
4079	191.7
4080	48.8
4081	331.5
4082	21.7
4083	91.8
4084	54.4
4085	7
4086	57.5
4087	37.6
4088	51.1
4089	10.6
4090	51.3
4091	240.7
4092	52.6
4093	19.9
4094	40.3
4095	143.3
